Product projects
---------------------------------------
C:\code\ispclone\UnityEngine.TestRunner.csproj
C:\code\ispclone\Unity.Mathematics.csproj
C:\code\ispclone\Unity.Services.Core.Internal.csproj
C:\code\ispclone\Unity.Tutorials.Core.csproj
C:\code\ispclone\Unity.Burst.CodeGen.csproj
C:\code\ispclone\Unity.Services.Core.Environments.Internal.csproj
C:\code\ispclone\Unity.Services.Core.Threading.csproj
C:\code\ispclone\Unity.Services.Core.Telemetry.csproj
C:\code\ispclone\UnityEditor.TestRunner.csproj
C:\code\ispclone\Unity.Services.Core.Device.csproj
C:\code\ispclone\Unity.Services.Core.Scheduler.csproj
C:\code\ispclone\Unity.Collections.csproj
C:\code\ispclone\Unity.Multiplayer.Tools.Common.csproj
C:\code\ispclone\Unity.Services.Core.Configuration.csproj
C:\code\ispclone\Unity.Services.Core.Networking.csproj
C:\code\ispclone\Unity.Services.Lobbies.csproj
C:\code\ispclone\Unity.Services.Relay.csproj
C:\code\ispclone\Unity.Services.Core.Environments.csproj
C:\code\ispclone\Unity.Networking.Transport.csproj
C:\code\ispclone\Unity.Services.QoS.csproj
C:\code\ispclone\Unity.Multiplayer.Tools.NetStats.csproj
C:\code\ispclone\Unity.Networking.Editor.csproj
C:\code\ispclone\Unity.Netcode.Editor.PackageChecker.csproj
C:\code\ispclone\Unity.Services.Core.csproj
C:\code\ispclone\Unity.Timeline.Editor.csproj
C:\code\ispclone\Unity.Burst.Editor.csproj
C:\code\ispclone\Unity.Settings.Editor.csproj
C:\code\ispclone\Unity.VSCode.Editor.csproj
C:\code\ispclone\Unity.Rider.Editor.csproj
C:\code\ispclone\Unity.VisualStudio.Editor.csproj
C:\code\ispclone\Unity.TextMeshPro.Editor.csproj
C:\code\ispclone\Unity.Mathematics.Editor.csproj
C:\code\ispclone\Unity.Searcher.Editor.csproj
C:\code\ispclone\Unity.Burst.csproj
C:\code\ispclone\Unity.Multiplayer.Tools.Editor.csproj
C:\code\ispclone\Unity.EditorCoroutines.Editor.csproj
C:\code\ispclone\Unity.InternalAPIEngineBridge.007.csproj
C:\code\ispclone\Unity.Collections.BurstCompatibilityGen.csproj
C:\code\ispclone\Unity.InternalAPIEditorBridge.007.csproj
C:\code\ispclone\Unity.Collections.DocCodeSamples.csproj
C:\code\ispclone\Unity.Multiplayer.Tools.Tests.Editor.csproj
C:\code\ispclone\Unity.Multiplayer.Tools.MetricTypes.csproj
C:\code\ispclone\Unity.Multiplayer.Tools.NetStats.CodeGen.csproj
C:\code\ispclone\Unity.Services.Authentication.csproj
C:\code\ispclone\Unity.TextMeshPro.csproj
C:\code\ispclone\Unity.Multiplayer.Tools.NetStatsMonitor.Configuration.csproj
C:\code\ispclone\Unity.Multiplayer.Tools.MetricTypes.Tests.Editor.csproj
C:\code\ispclone\Unity.Multiplayer.Tools.NetworkProfiler.Runtime.csproj
C:\code\ispclone\Unity.Multiplayer.Tools.NetStats.Tests.Editor.csproj
C:\code\ispclone\Unity.Multiplayer.Tools.NetStatsMonitor.Implementation.csproj
C:\code\ispclone\Unity.Multiplayer.Tools.NetworkProfiler.Editor.csproj
C:\code\ispclone\Unity.Multiplayer.Tools.NetworkSolutionInterface.Tests.Editor.csproj
C:\code\ispclone\Unity.Multiplayer.Tools.NetStatsMonitor.Component.csproj
C:\code\ispclone\Unity.Multiplayer.Tools.NetStatsMonitor.Tests.Interface.csproj
C:\code\ispclone\Unity.Multiplayer.Tools.NetStatsReporting.csproj
C:\code\ispclone\Unity.Timeline.csproj
C:\code\ispclone\Unity.Multiplayer.Tools.NetStatsMonitor.Editor.csproj
C:\code\ispclone\Unity.Services.Core.Configuration.Editor.csproj
C:\code\ispclone\Unity.Services.Core.Registration.csproj
C:\code\ispclone\Unity.Tutorials.Core.Editor.csproj
C:\code\ispclone\Unity.Netcode.Runtime.csproj
C:\code\ispclone\Unity.Netcode.Editor.CodeGen.csproj
C:\code\ispclone\Unity.Netcode.Components.csproj
C:\code\ispclone\Unity.Multiplayer.Tools.NetStatsMonitor.Tests.Implementation.csproj
C:\code\ispclone\Unity.Multiplayer.Tools.NetworkProfiler.Tests.Editor.csproj
C:\code\ispclone\Unity.Netcode.Editor.csproj
C:\code\ispclone\Unity.Multiplayer.Tools.NetworkSolutionInterface.csproj
C:\code\ispclone\Assembly-CSharp.csproj
C:\code\ispclone\Unity.Services.Core.Editor.csproj
C:\code\ispclone\Unity.Services.Authentication.Editor.csproj
C:\code\ispclone\Unity.Services.Core.Analytics.csproj
C:\code\ispclone\Unity.Profiling.Core.csproj


Test projects
---------------------------------------
C:\code\ispclone\Unity.Multiplayer.Tools.Common.Tests.csproj


Invalid projects
---------------------------------------
{none}


Skipped projects
---------------------------------------
{none}


Excluded projects
---------------------------------------
{none}


